<?xml version="1.0" encoding="UTF-8"?>
<!-- Generated by org.testng.reporters.JUnitXMLReporter -->
<testsuite hostname="TARUNOM-PC" name="Default test" tests="1" failures="0" timestamp="12 Jan 2018 06:57:13 GMT" time="0.078" errors="0">
  <testcase name="@BeforeSuite openBrowser" time="0.0" classname="com.prakash.automation.businessScripts.FlipkartElectronicsModule">
    <failure type="org.testng.TestNGException" message="
Parameter &amp;apos;browser&amp;apos; is required by @Configuration on method openBrowser but has not been marked @Optional or defined
in C:\Users\TARUNOM\AppData\Local\Temp\testng-eclipse-1112687589\testng-customsuite.xml">
      <![CDATA[org.testng.TestNGException: 
Parameter 'browser' is required by @Configuration on method openBrowser but has not been marked @Optional or defined
in C:\Users\TARUNOM\AppData\Local\Temp\testng-eclipse-1112687589\testng-customsuite.xml
	at org.testng.internal.Parameters.createParameters(Parameters.java:154)
	at org.testng.internal.Parameters.createParameters(Parameters.java:361)
	at org.testng.internal.Parameters.createConfigurationParameters(Parameters.java:84)
	at org.testng.internal.Invoker.invokeConfigurations(Invoker.java:197)
	at org.testng.internal.Invoker.invokeConfigurations(Invoker.java:138)
	at org.testng.SuiteRunner.privateRun(SuiteRunner.java:298)
	at org.testng.SuiteRunner.run(SuiteRunner.java:261)
	at org.testng.SuiteRunnerWorker.runSuite(SuiteRunnerWorker.java:52)
	at org.testng.SuiteRunnerWorker.run(SuiteRunnerWorker.java:86)
	at org.testng.TestNG.runSuitesSequentially(TestNG.java:1215)
	at org.testng.TestNG.runSuitesLocally(TestNG.java:1140)
	at org.testng.TestNG.run(TestNG.java:1048)
	at org.testng.remote.AbstractRemoteTestNG.run(AbstractRemoteTestNG.java:114)
	at org.testng.remote.RemoteTestNG.initAndRun(RemoteTestNG.java:251)
	at org.testng.remote.RemoteTestNG.main(RemoteTestNG.java:77)
]]>
    </failure>
  </testcase> <!-- @BeforeSuite openBrowser -->
  <testcase name="@BeforeTest ExtentReport" time="0.0" classname="com.prakash.automation.businessScripts.FlipkartElectronicsModule">
    <skipped/>
  </testcase> <!-- @BeforeTest ExtentReport -->
  <testcase name="@BeforeMethod beforeMethod" time="0.0" classname="com.prakash.automation.businessScripts.FlipkartElectronicsModule">
    <skipped/>
  </testcase> <!-- @BeforeMethod beforeMethod -->
  <testcase name="@AfterMethod afterMethod" time="0.0" classname="com.prakash.automation.businessScripts.FlipkartElectronicsModule">
    <skipped/>
  </testcase> <!-- @AfterMethod afterMethod -->
  <testcase name="@AfterClass EndTest" time="0.0" classname="com.prakash.automation.businessScripts.FlipkartElectronicsModule">
    <skipped/>
  </testcase> <!-- @AfterClass EndTest -->
  <testcase name="@AfterTest reTest" time="0.0" classname="com.prakash.automation.businessScripts.FlipkartElectronicsModule">
    <skipped/>
  </testcase> <!-- @AfterTest reTest -->
  <testcase name="moduleElectronics" time="0.031" classname="com.prakash.automation.businessScripts.FlipkartElectronicsModule">
    <skipped/>
  </testcase> <!-- moduleElectronics -->
</testsuite> <!-- Default test -->
